{"ts":1706320607746,"action":"PROJECT_OPENED","tags":{"PROJECT_NAME":"CartDemo"}}
{"ts":1706320610135,"action":"IDE_DEACTIVATED"}
{"ts":1706320610641,"action":"IDE_ACTIVATED"}
{"ts":1706320657183,"action":"IDE_DEACTIVATED"}
{"ts":1706320657278,"action":"IDE_ACTIVATED"}
{"ts":1706320668438,"action":"IDE_DEACTIVATED"}
{"ts":1706320669161,"action":"IDE_ACTIVATED"}
{"ts":1706320671299,"action":"IDE_DEACTIVATED"}
{"ts":1706320672048,"action":"IDE_ACTIVATED"}
{"ts":1706320684932,"action":"IDE_DEACTIVATED"}
{"ts":1706320686415,"action":"IDE_ACTIVATED"}
{"ts":1706320689438,"action":"FILE_OPENED","file":"/build.gradle","tags":{"FILE_LINE_OF_CODE":"8"}}
{"ts":1706320691179,"action":"FILE_CLOSED","file":"/build.gradle","tags":{"FILE_LINE_OF_CODE":"8"}}
{"ts":1706320691179,"action":"FILE_OPENED","file":"/settings.gradle","tags":{"FILE_LINE_OF_CODE":"18"}}
{"ts":1706320707199,"action":"IDE_DEACTIVATED"}
{"ts":1706320753214,"action":"IDE_ACTIVATED"}
{"ts":1706320764129,"action":"FILE_CLOSED","file":"/settings.gradle","tags":{"FILE_LINE_OF_CODE":"20"}}
{"ts":1706320764129,"action":"FILE_OPENED","file":"/app/src/main/java/com/example/cartdemo/MainActivity.java","tags":{"FILE_LINE_OF_CODE":"14"}}
{"ts":1706320772060,"action":"IDE_DEACTIVATED"}
{"ts":1706320783367,"action":"IDE_ACTIVATED"}
{"ts":1706320798848,"action":"IDE_DEACTIVATED"}
{"ts":1706320799714,"action":"IDE_ACTIVATED"}
{"ts":1706320802603,"action":"IDE_DEACTIVATED"}
{"ts":1706320803251,"action":"IDE_ACTIVATED"}
{"ts":1706320836142,"action":"IDE_DEACTIVATED"}
{"ts":1706320978679,"action":"IDE_ACTIVATED"}
{"ts":1706320981003,"action":"IDE_DEACTIVATED"}
{"ts":1706320981528,"action":"IDE_ACTIVATED"}
{"ts":1706320982202,"action":"IDE_DEACTIVATED"}
{"ts":1706320982705,"action":"IDE_ACTIVATED"}
{"ts":1706320984683,"action":"IDE_DEACTIVATED"}
{"ts":1706320985299,"action":"IDE_ACTIVATED"}
{"ts":1706320987162,"action":"FILE_CLOSED","file":"/app/src/main/java/com/example/cartdemo/MainActivity.java","tags":{"FILE_LINE_OF_CODE":"14"}}
{"ts":1706320987162,"action":"FILE_OPENED","file":"/app/src/main/res/layout/activity_main.xml","tags":{"FILE_LINE_OF_CODE":"18"}}
{"ts":1706320993451,"action":"IDE_DEACTIVATED"}
{"ts":1706320994514,"action":"IDE_ACTIVATED"}
{"ts":1706321004841,"action":"IDE_DEACTIVATED"}
{"ts":1706321006222,"action":"IDE_ACTIVATED"}
{"ts":1706321022960,"action":"IDE_DEACTIVATED"}
{"ts":1706321024407,"action":"IDE_ACTIVATED"}
{"ts":1706321041383,"action":"IDE_DEACTIVATED"}
{"ts":1706321045363,"action":"IDE_ACTIVATED"}
{"ts":1706321046219,"action":"IDE_DEACTIVATED"}
{"ts":1706321047341,"action":"IDE_ACTIVATED"}
{"ts":1706321048265,"action":"IDE_DEACTIVATED"}
{"ts":1706321048333,"action":"IDE_ACTIVATED"}
{"ts":1706321054594,"action":"IDE_DEACTIVATED"}
{"ts":1706321054703,"action":"IDE_ACTIVATED"}
{"ts":1706321058850,"action":"FILE_CLOSED","file":"/app/src/main/res/layout/activity_main.xml","tags":{"FILE_LINE_OF_CODE":"76"}}
{"ts":1706321058850,"action":"FILE_OPENED","file":"/app/src/main/res/values/colors.xml","tags":{"FILE_LINE_OF_CODE":"5"}}
{"ts":1706321062248,"action":"FILE_CLOSED","file":"/app/src/main/res/values/colors.xml","tags":{"FILE_LINE_OF_CODE":"9"}}
{"ts":1706321062248,"action":"FILE_OPENED","file":"/app/src/main/res/layout/activity_main.xml","tags":{"FILE_LINE_OF_CODE":"76"}}
{"ts":1706321073193,"action":"IDE_DEACTIVATED"}
{"ts":1706321073263,"action":"IDE_ACTIVATED"}
{"ts":1706321084463,"action":"IDE_DEACTIVATED"}
{"ts":1706321084578,"action":"IDE_ACTIVATED"}
{"ts":1706321085400,"action":"IDE_DEACTIVATED"}
{"ts":1706321085448,"action":"IDE_ACTIVATED"}
{"ts":1706321099308,"action":"IDE_DEACTIVATED"}
{"ts":1706321099434,"action":"IDE_ACTIVATED"}
{"ts":1706321109145,"action":"FILE_CLOSED","file":"/app/src/main/res/layout/activity_main.xml","tags":{"FILE_LINE_OF_CODE":"76"}}
{"ts":1706321109145,"action":"FILE_OPENED","file":"/app/src/main/java/com/example/cartdemo/MainActivity.java","tags":{"FILE_LINE_OF_CODE":"14"}}
{"ts":1706321110791,"action":"IDE_DEACTIVATED"}
{"ts":1706321110877,"action":"IDE_ACTIVATED"}
{"ts":1706321112474,"action":"IDE_DEACTIVATED"}
{"ts":1706321112629,"action":"IDE_ACTIVATED"}
{"ts":1706321114096,"action":"FILE_CLOSED","file":"/app/src/main/java/com/example/cartdemo/MainActivity.java","tags":{"FILE_LINE_OF_CODE":"14"}}
{"ts":1706321114096,"action":"FILE_OPENED","file":"/app/src/main/res/values/colors.xml","tags":{"FILE_LINE_OF_CODE":"9"}}
{"ts":1706321114438,"action":"FILE_CLOSED","file":"/app/src/main/res/values/colors.xml","tags":{"FILE_LINE_OF_CODE":"9"}}
{"ts":1706321114439,"action":"FILE_OPENED","file":"/app/src/main/res/layout/activity_main.xml","tags":{"FILE_LINE_OF_CODE":"76"}}
{"ts":1706321148036,"action":"IDE_DEACTIVATED"}
{"ts":1706321148723,"action":"IDE_ACTIVATED"}
{"ts":1706321155765,"action":"IDE_DEACTIVATED"}
{"ts":1706321155935,"action":"IDE_ACTIVATED"}
{"ts":1706321157627,"action":"IDE_DEACTIVATED"}
{"ts":1706321157694,"action":"IDE_ACTIVATED"}
{"ts":1706321166801,"action":"IDE_DEACTIVATED"}
{"ts":1706321166871,"action":"IDE_ACTIVATED"}
{"ts":1706321174664,"action":"FILE_CLOSED","file":"/app/src/main/res/layout/activity_main.xml","tags":{"FILE_LINE_OF_CODE":"76"}}
{"ts":1706321174664,"action":"FILE_OPENED","file":"/app/src/main/AndroidManifest.xml","tags":{"FILE_LINE_OF_CODE":"26"}}
{"ts":1706321182695,"action":"FILE_CLOSED","file":"/app/src/main/AndroidManifest.xml","tags":{"FILE_LINE_OF_CODE":"26"}}
{"ts":1706321182695,"action":"FILE_OPENED","file":"/app/src/main/res/layout/activity_main.xml","tags":{"FILE_LINE_OF_CODE":"76"}}
{"ts":1706321185304,"action":"FILE_CLOSED","file":"/app/src/main/res/layout/activity_main.xml","tags":{"FILE_LINE_OF_CODE":"76"}}
{"ts":1706321185304,"action":"FILE_OPENED","file":"/app/src/main/java/com/example/cartdemo/MainActivity.java","tags":{"FILE_LINE_OF_CODE":"14"}}
{"ts":1706321191524,"action":"FILE_CLOSED","file":"/app/src/main/java/com/example/cartdemo/MainActivity.java","tags":{"FILE_LINE_OF_CODE":"14"}}
{"ts":1706321191524,"action":"FILE_OPENED","file":"/app/src/main/java/com/example/cartdemo/Adapter.java","tags":{"FILE_LINE_OF_CODE":"3"}}
{"ts":1706321248638,"action":"IDE_DEACTIVATED"}
{"ts":1706321249625,"action":"IDE_ACTIVATED"}
{"ts":1706321298347,"action":"IDE_DEACTIVATED"}
{"ts":1706321299092,"action":"IDE_ACTIVATED"}
{"ts":1706321317886,"action":"FILE_CLOSED","file":"/app/src/main/java/com/example/cartdemo/Adapter.java","tags":{"FILE_LINE_OF_CODE":"34"}}
{"ts":1706321317886,"action":"FILE_OPENED","file":"/app/src/main/res/layout/item_cart.xml","tags":{"FILE_LINE_OF_CODE":"6"}}
{"ts":1706321321472,"action":"IDE_DEACTIVATED"}
{"ts":1706321322463,"action":"IDE_ACTIVATED"}
{"ts":1706321328290,"action":"IDE_DEACTIVATED"}
{"ts":1706321328354,"action":"IDE_ACTIVATED"}
{"ts":1706321333085,"action":"IDE_DEACTIVATED"}
{"ts":1706321333157,"action":"IDE_ACTIVATED"}
{"ts":1706321333882,"action":"IDE_DEACTIVATED"}
{"ts":1706321333968,"action":"IDE_ACTIVATED"}
{"ts":1706321336290,"action":"IDE_DEACTIVATED"}
{"ts":1706321336359,"action":"IDE_ACTIVATED"}
{"ts":1706321338075,"action":"IDE_DEACTIVATED"}
{"ts":1706321338143,"action":"IDE_ACTIVATED"}
{"ts":1706321342256,"action":"IDE_DEACTIVATED"}
{"ts":1706321342343,"action":"IDE_ACTIVATED"}
{"ts":1706321345583,"action":"IDE_DEACTIVATED"}
{"ts":1706321345670,"action":"IDE_ACTIVATED"}
{"ts":1706321351941,"action":"IDE_DEACTIVATED"}
{"ts":1706321351978,"action":"IDE_ACTIVATED"}
{"ts":1706321358626,"action":"IDE_DEACTIVATED"}
{"ts":1706321358699,"action":"IDE_ACTIVATED"}
{"ts":1706321396159,"action":"IDE_DEACTIVATED"}
{"ts":1706321396298,"action":"IDE_ACTIVATED"}
{"ts":1706321404180,"action":"IDE_DEACTIVATED"}
{"ts":1706321404246,"action":"IDE_ACTIVATED"}
{"ts":1706321432618,"action":"IDE_DEACTIVATED"}
{"ts":1706321432979,"action":"IDE_ACTIVATED"}
{"ts":1706322343083,"action":"IDE_DEACTIVATED"}
{"ts":1706322343865,"action":"IDE_ACTIVATED"}
{"ts":1706322413777,"action":"FILE_CLOSED","file":"/app/src/main/res/layout/item_cart.xml","tags":{"FILE_LINE_OF_CODE":"86"}}
{"ts":1706322413777,"action":"FILE_OPENED","file":"/app/src/main/java/com/example/cartdemo/Adapter.java","tags":{"FILE_LINE_OF_CODE":"34"}}
{"ts":1706322415064,"action":"FILE_CLOSED","file":"/app/src/main/java/com/example/cartdemo/Adapter.java","tags":{"FILE_LINE_OF_CODE":"34"}}
{"ts":1706322415064,"action":"FILE_OPENED","file":"/app/src/main/java/com/example/cartdemo/MainActivity.java","tags":{"FILE_LINE_OF_CODE":"14"}}
{"ts":1706322433208,"action":"FILE_CLOSED","file":"/app/src/main/java/com/example/cartdemo/MainActivity.java","tags":{"FILE_LINE_OF_CODE":"16"}}
{"ts":1706322433208,"action":"FILE_OPENED","file":"/app/src/main/java/com/example/cartdemo/Adapter.java","tags":{"FILE_LINE_OF_CODE":"34"}}
{"ts":1706322445352,"action":"FILE_CLOSED","file":"/app/src/main/java/com/example/cartdemo/CartAdapter.java","tags":{"FILE_LINE_OF_CODE":"34"}}
{"ts":1706322445352,"action":"FILE_OPENED","file":"/app/src/main/java/com/example/cartdemo/MainActivity.java","tags":{"FILE_LINE_OF_CODE":"16"}}
{"ts":1706322473905,"action":"FILE_CLOSED","file":"/app/src/main/java/com/example/cartdemo/MainActivity.java","tags":{"FILE_LINE_OF_CODE":"16"}}
{"ts":1706322473905,"action":"FILE_OPENED","file":"/app/src/main/java/com/example/cartdemo/Bean.java","tags":{"FILE_LINE_OF_CODE":"3"}}
{"ts":1706322485398,"action":"IDE_DEACTIVATED"}
{"ts":1706322486519,"action":"IDE_ACTIVATED"}
{"ts":1706322487410,"action":"IDE_DEACTIVATED"}
{"ts":1706322487463,"action":"IDE_ACTIVATED"}
{"ts":1706322554982,"action":"IDE_DEACTIVATED"}
{"ts":1706322555588,"action":"IDE_ACTIVATED"}
{"ts":1706322557631,"action":"FILE_CLOSED","file":"/app/src/main/java/com/example/cartdemo/Bean.java","tags":{"FILE_LINE_OF_CODE":"12"}}
{"ts":1706322557631,"action":"FILE_OPENED","file":"/app/src/main/java/com/example/cartdemo/CartAdapter.java","tags":{"FILE_LINE_OF_CODE":"34"}}
{"ts":1706322698121,"action":"IDE_DEACTIVATED"}
{"ts":1706322699917,"action":"IDE_ACTIVATED"}
{"ts":1706322706473,"action":"IDE_DEACTIVATED"}
{"ts":1706322706595,"action":"IDE_ACTIVATED"}
{"ts":1706322728798,"action":"FILE_CLOSED","file":"/app/src/main/java/com/example/cartdemo/CartAdapter.java","tags":{"FILE_LINE_OF_CODE":"52"}}
{"ts":1706322728798,"action":"FILE_OPENED","file":"/app/src/main/res/layout/item_cart.xml","tags":{"FILE_LINE_OF_CODE":"86"}}
{"ts":1706322731696,"action":"FILE_CLOSED","file":"/app/src/main/res/layout/item_cart.xml","tags":{"FILE_LINE_OF_CODE":"86"}}
{"ts":1706322731696,"action":"FILE_OPENED","file":"/app/src/main/java/com/example/cartdemo/CartAdapter.java","tags":{"FILE_LINE_OF_CODE":"52"}}
{"ts":1706322749691,"action":"FILE_CLOSED","file":"/app/src/main/java/com/example/cartdemo/CartAdapter.java","tags":{"FILE_LINE_OF_CODE":"57"}}
{"ts":1706322749691,"action":"FILE_OPENED","file":"/app/src/main/res/layout/item_cart.xml","tags":{"FILE_LINE_OF_CODE":"86"}}
{"ts":1706322767431,"action":"FILE_CLOSED","file":"/app/src/main/res/layout/item_cart.xml","tags":{"FILE_LINE_OF_CODE":"86"}}
{"ts":1706322767431,"action":"FILE_OPENED","file":"/app/src/main/java/com/example/cartdemo/CartAdapter.java","tags":{"FILE_LINE_OF_CODE":"57"}}
{"ts":1706322827753,"action":"FILE_CLOSED","file":"/app/src/main/java/com/example/cartdemo/CartAdapter.java","tags":{"FILE_LINE_OF_CODE":"58"}}
{"ts":1706322827753,"action":"FILE_OPENED","file":"/app/src/main/java/com/example/cartdemo/Bean.java","tags":{"FILE_LINE_OF_CODE":"12"}}
{"ts":1706322832644,"action":"FILE_CLOSED","file":"/app/src/main/java/com/example/cartdemo/Bean.java","tags":{"FILE_LINE_OF_CODE":"59"}}
{"ts":1706322832644,"action":"FILE_OPENED","file":"/app/src/main/java/com/example/cartdemo/CartAdapter.java","tags":{"FILE_LINE_OF_CODE":"58"}}
{"ts":1706322905170,"action":"IDE_DEACTIVATED"}
{"ts":1706322907111,"action":"IDE_ACTIVATED"}
{"ts":1706322912144,"action":"IDE_DEACTIVATED"}
{"ts":1706322912728,"action":"IDE_ACTIVATED"}
{"ts":1706322922435,"action":"IDE_DEACTIVATED"}
{"ts":1706322922518,"action":"IDE_ACTIVATED"}
{"ts":1706322924874,"action":"IDE_DEACTIVATED"}
{"ts":1706322924966,"action":"IDE_ACTIVATED"}
{"ts":1706322925401,"action":"IDE_DEACTIVATED"}
{"ts":1706322925940,"action":"IDE_ACTIVATED"}
{"ts":1706322927969,"action":"FILE_CLOSED","file":"/app/src/main/java/com/example/cartdemo/CartAdapter.java","tags":{"FILE_LINE_OF_CODE":"80"}}
{"ts":1706322927969,"action":"FILE_OPENED","file":"/build.gradle","tags":{"FILE_LINE_OF_CODE":"8"}}
{"ts":1706322929247,"action":"FILE_CLOSED","file":"/build.gradle","tags":{"FILE_LINE_OF_CODE":"8"}}
{"ts":1706322929247,"action":"FILE_OPENED","file":"/app/build.gradle","tags":{"FILE_LINE_OF_CODE":"39"}}
{"ts":1706322944633,"action":"IDE_DEACTIVATED"}
{"ts":1706323011285,"action":"IDE_ACTIVATED"}
{"ts":1706323012908,"action":"FILE_CLOSED","file":"/app/build.gradle","tags":{"FILE_LINE_OF_CODE":"41"}}
{"ts":1706323012908,"action":"FILE_OPENED","file":"/app/src/main/AndroidManifest.xml","tags":{"FILE_LINE_OF_CODE":"26"}}
{"ts":1706323018905,"action":"IDE_DEACTIVATED"}
{"ts":1706323022496,"action":"IDE_ACTIVATED"}
{"ts":1706323068324,"action":"FILE_CLOSED","file":"/app/src/main/AndroidManifest.xml","tags":{"FILE_LINE_OF_CODE":"30"}}
{"ts":1706323068324,"action":"FILE_OPENED","file":"/app/src/main/java/com/example/cartdemo/Bean.java","tags":{"FILE_LINE_OF_CODE":"59"}}
{"ts":1706323070032,"action":"FILE_CLOSED","file":"/app/src/main/java/com/example/cartdemo/Bean.java","tags":{"FILE_LINE_OF_CODE":"59"}}
{"ts":1706323070032,"action":"FILE_OPENED","file":"/app/src/main/java/com/example/cartdemo/CartAdapter.java","tags":{"FILE_LINE_OF_CODE":"80"}}
{"ts":1706323070908,"action":"FILE_CLOSED","file":"/app/src/main/java/com/example/cartdemo/CartAdapter.java","tags":{"FILE_LINE_OF_CODE":"80"}}
{"ts":1706323070908,"action":"FILE_OPENED","file":"/app/src/main/java/com/example/cartdemo/MainActivity.java","tags":{"FILE_LINE_OF_CODE":"16"}}
{"ts":1706323072167,"action":"FILE_CLOSED","file":"/app/src/main/java/com/example/cartdemo/MainActivity.java","tags":{"FILE_LINE_OF_CODE":"16"}}
{"ts":1706323072167,"action":"FILE_OPENED","file":"/app/src/main/java/com/example/cartdemo/CartAdapter.java","tags":{"FILE_LINE_OF_CODE":"80"}}
{"ts":1706323100259,"action":"IDE_DEACTIVATED"}
{"ts":1706323101091,"action":"IDE_ACTIVATED"}
{"ts":1706323113686,"action":"IDE_DEACTIVATED"}
{"ts":1706323113769,"action":"IDE_ACTIVATED"}
{"ts":1706323146029,"action":"IDE_DEACTIVATED"}
{"ts":1706323146099,"action":"IDE_ACTIVATED"}
{"ts":1706323151204,"action":"IDE_DEACTIVATED"}
{"ts":1706323151283,"action":"IDE_ACTIVATED"}
{"ts":1706323174033,"action":"IDE_DEACTIVATED"}
{"ts":1706323174142,"action":"IDE_ACTIVATED"}
{"ts":1706323183587,"action":"IDE_DEACTIVATED"}
{"ts":1706323183696,"action":"IDE_ACTIVATED"}
{"ts":1706323191541,"action":"FILE_CLOSED","file":"/app/src/main/java/com/example/cartdemo/CartAdapter.java","tags":{"FILE_LINE_OF_CODE":"120"}}
{"ts":1706323191541,"action":"FILE_OPENED","file":"/app/src/main/java/com/example/cartdemo/Bean.java","tags":{"FILE_LINE_OF_CODE":"59"}}
{"ts":1706323199147,"action":"FILE_CLOSED","file":"/app/src/main/java/com/example/cartdemo/CartBean.java","tags":{"FILE_LINE_OF_CODE":"59"}}
{"ts":1706323199147,"action":"FILE_OPENED","file":"/app/src/main/java/com/example/cartdemo/CartAdapter.java","tags":{"FILE_LINE_OF_CODE":"120"}}
{"ts":1706323204070,"action":"IDE_DEACTIVATED"}
{"ts":1706323204136,"action":"IDE_ACTIVATED"}
{"ts":1706323208690,"action":"IDE_DEACTIVATED"}
{"ts":1706323208773,"action":"IDE_ACTIVATED"}
{"ts":1706323210957,"action":"IDE_DEACTIVATED"}
{"ts":1706323211047,"action":"IDE_ACTIVATED"}
{"ts":1706323213140,"action":"IDE_DEACTIVATED"}
{"ts":1706323213216,"action":"IDE_ACTIVATED"}
{"ts":1706323217510,"action":"IDE_DEACTIVATED"}
{"ts":1706323217585,"action":"IDE_ACTIVATED"}
{"ts":1706323221434,"action":"IDE_DEACTIVATED"}
{"ts":1706323221496,"action":"IDE_ACTIVATED"}
{"ts":1706323224652,"action":"IDE_DEACTIVATED"}
{"ts":1706323224745,"action":"IDE_ACTIVATED"}
{"ts":1706323231598,"action":"IDE_DEACTIVATED"}
{"ts":1706323231742,"action":"IDE_ACTIVATED"}
{"ts":1706323264367,"action":"IDE_DEACTIVATED"}
{"ts":1706323268081,"action":"IDE_ACTIVATED"}
{"ts":1706323270914,"action":"FILE_CLOSED","file":"/app/src/main/java/com/example/cartdemo/CartAdapter.java","tags":{"FILE_LINE_OF_CODE":"123"}}
{"ts":1706323270914,"action":"FILE_OPENED","file":"/app/src/main/java/com/example/cartdemo/MainActivity.java","tags":{"FILE_LINE_OF_CODE":"16"}}
{"ts":1706323284821,"action":"FILE_CLOSED","file":"/app/src/main/java/com/example/cartdemo/MainActivity.java","tags":{"FILE_LINE_OF_CODE":"18"}}
{"ts":1706323284821,"action":"FILE_OPENED","file":"/app/src/main/res/layout/activity_main.xml","tags":{"FILE_LINE_OF_CODE":"76"}}
{"ts":1706323287893,"action":"FILE_CLOSED","file":"/app/src/main/res/layout/activity_main.xml","tags":{"FILE_LINE_OF_CODE":"76"}}
{"ts":1706323287893,"action":"FILE_OPENED","file":"/app/src/main/java/com/example/cartdemo/MainActivity.java","tags":{"FILE_LINE_OF_CODE":"18"}}
{"ts":1706323383136,"action":"FILE_CLOSED","file":"/app/src/main/java/com/example/cartdemo/MainActivity.java","tags":{"FILE_LINE_OF_CODE":"36"}}
{"ts":1706323383136,"action":"FILE_OPENED","file":"/app/src/main/res/layout/activity_main.xml","tags":{"FILE_LINE_OF_CODE":"76"}}
{"ts":1706323405540,"action":"FILE_CLOSED","file":"/app/src/main/res/layout/activity_main.xml","tags":{"FILE_LINE_OF_CODE":"76"}}
{"ts":1706323405540,"action":"FILE_OPENED","file":"/app/src/main/java/com/example/cartdemo/MainActivity.java","tags":{"FILE_LINE_OF_CODE":"36"}}
{"ts":1706323468154,"action":"FILE_CLOSED","file":"/app/src/main/java/com/example/cartdemo/MainActivity.java","tags":{"FILE_LINE_OF_CODE":"47"}}
{"ts":1706323468154,"action":"FILE_OPENED","file":"/app/src/main/res/layout/activity_main.xml","tags":{"FILE_LINE_OF_CODE":"76"}}
{"ts":1706323474965,"action":"FILE_CLOSED","file":"/app/src/main/res/layout/activity_main.xml","tags":{"FILE_LINE_OF_CODE":"76"}}
{"ts":1706323474965,"action":"FILE_OPENED","file":"/app/src/main/java/com/example/cartdemo/CartBean.java","tags":{"FILE_LINE_OF_CODE":"59"}}
{"ts":1706323475477,"action":"FILE_CLOSED","file":"/app/src/main/java/com/example/cartdemo/CartBean.java","tags":{"FILE_LINE_OF_CODE":"59"}}
{"ts":1706323475477,"action":"FILE_OPENED","file":"/app/src/main/java/com/example/cartdemo/MainActivity.java","tags":{"FILE_LINE_OF_CODE":"47"}}
{"ts":1706323588018,"action":"IDE_DEACTIVATED"}
{"ts":1706323655150,"action":"IDE_ACTIVATED"}
{"ts":1706323720105,"action":"IDE_DEACTIVATED"}
{"ts":1706323721414,"action":"IDE_ACTIVATED"}
{"ts":1706323733266,"action":"IDE_DEACTIVATED"}
{"ts":1706323733405,"action":"IDE_ACTIVATED"}
{"ts":1706323744920,"action":"IDE_DEACTIVATED"}
{"ts":1706323744983,"action":"IDE_ACTIVATED"}
{"ts":1706323752083,"action":"IDE_DEACTIVATED"}
{"ts":1706323752152,"action":"IDE_ACTIVATED"}
{"ts":1706323792452,"action":"IDE_DEACTIVATED"}
{"ts":1706323792653,"action":"IDE_ACTIVATED"}
{"ts":1706323799036,"action":"IDE_DEACTIVATED"}
{"ts":1706323799106,"action":"IDE_ACTIVATED"}
{"ts":1706323871236,"action":"IDE_DEACTIVATED"}
{"ts":1706323871367,"action":"IDE_ACTIVATED"}
{"ts":1706323875510,"action":"IDE_DEACTIVATED"}
{"ts":1706323875597,"action":"IDE_ACTIVATED"}
{"ts":1706323953511,"action":"FILE_CLOSED","file":"/app/src/main/java/com/example/cartdemo/MainActivity.java","tags":{"FILE_LINE_OF_CODE":"120"}}
{"ts":1706323953511,"action":"FILE_OPENED","file":"/app/src/main/java/com/example/cartdemo/CartBean.java","tags":{"FILE_LINE_OF_CODE":"59"}}
{"ts":1706323966185,"action":"FILE_CLOSED","file":"/app/src/main/java/com/example/cartdemo/CartBean.java","tags":{"FILE_LINE_OF_CODE":"68"}}
{"ts":1706323966185,"action":"FILE_OPENED","file":"/app/src/main/java/com/example/cartdemo/MainActivity.java","tags":{"FILE_LINE_OF_CODE":"120"}}
{"ts":1706323975468,"action":"FILE_CLOSED","file":"/app/src/main/java/com/example/cartdemo/MainActivity.java","tags":{"FILE_LINE_OF_CODE":"120"}}
{"ts":1706323975468,"action":"FILE_OPENED","file":"/app/src/main/java/com/example/cartdemo/CartBean.java","tags":{"FILE_LINE_OF_CODE":"68"}}
{"ts":1706323976709,"action":"FILE_CLOSED","file":"/app/src/main/java/com/example/cartdemo/CartBean.java","tags":{"FILE_LINE_OF_CODE":"68"}}
{"ts":1706323976709,"action":"FILE_OPENED","file":"/app/src/main/java/com/example/cartdemo/MainActivity.java","tags":{"FILE_LINE_OF_CODE":"120"}}
{"ts":1706323979179,"action":"IDE_DEACTIVATED"}
{"ts":1706324033039,"action":"IDE_ACTIVATED"}
{"ts":1706324035257,"action":"IDE_DEACTIVATED"}
{"ts":1706324070236,"action":"IDE_ACTIVATED"}
{"ts":1706324079132,"action":"IDE_DEACTIVATED"}
{"ts":1706324100471,"action":"IDE_ACTIVATED"}
{"ts":1706324117599,"action":"FILE_CLOSED","file":"/app/src/main/java/com/example/cartdemo/MainActivity.java","tags":{"FILE_LINE_OF_CODE":"120"}}
{"ts":1706324117599,"action":"FILE_OPENED","file":"/app/src/main/java/com/example/cartdemo/CartBean.java","tags":{"FILE_LINE_OF_CODE":"68"}}
{"ts":1706324123170,"action":"FILE_CLOSED","file":"/app/src/main/java/com/example/cartdemo/CartBean.java","tags":{"FILE_LINE_OF_CODE":"68"}}
{"ts":1706324123170,"action":"FILE_OPENED","file":"/app/src/main/java/com/example/cartdemo/MainActivity.java","tags":{"FILE_LINE_OF_CODE":"120"}}
{"ts":1706324131809,"action":"IDE_DEACTIVATED"}
{"ts":1706324133030,"action":"IDE_ACTIVATED"}
{"ts":1706324146509,"action":"IDE_DEACTIVATED"}
{"ts":1706324152423,"action":"IDE_ACTIVATED"}
{"ts":1706324157502,"action":"IDE_DEACTIVATED"}
{"ts":1706324166152,"action":"IDE_ACTIVATED"}
{"ts":1706324174788,"action":"IDE_DEACTIVATED"}
{"ts":1706324185309,"action":"IDE_ACTIVATED"}
{"ts":1706324190957,"action":"IDE_DEACTIVATED"}
{"ts":1706324199794,"action":"IDE_ACTIVATED"}
{"ts":1706324204952,"action":"IDE_DEACTIVATED"}
{"ts":1706324206799,"action":"IDE_ACTIVATED"}
{"ts":1706324209845,"action":"IDE_DEACTIVATED"}
{"ts":1706324213272,"action":"IDE_ACTIVATED"}
{"ts":1706324220876,"action":"IDE_DEACTIVATED"}
{"ts":1706324222970,"action":"IDE_ACTIVATED"}
{"ts":1706324236599,"action":"IDE_DEACTIVATED"}
{"ts":1706324242863,"action":"IDE_ACTIVATED"}
{"ts":1706324256829,"action":"IDE_DEACTIVATED"}
{"ts":1706324265604,"action":"IDE_ACTIVATED"}
{"ts":1706324270679,"action":"IDE_DEACTIVATED"}
{"ts":1706324273381,"action":"IDE_ACTIVATED"}
{"ts":1706324296488,"action":"IDE_DEACTIVATED"}
{"ts":1706324299176,"action":"IDE_ACTIVATED"}
{"ts":1706324311170,"action":"IDE_DEACTIVATED"}
{"ts":1706324311252,"action":"IDE_ACTIVATED"}
{"ts":1706324360390,"action":"IDE_DEACTIVATED"}
{"ts":1706324361316,"action":"IDE_ACTIVATED"}
{"ts":1706324372257,"action":"IDE_DEACTIVATED"}
{"ts":1706324373856,"action":"IDE_ACTIVATED"}
{"ts":1706324374587,"action":"IDE_DEACTIVATED"}
{"ts":1706324375676,"action":"IDE_ACTIVATED"}
{"ts":1706324402432,"action":"IDE_DEACTIVATED"}
{"ts":1706324415404,"action":"IDE_ACTIVATED"}
{"ts":1706324424790,"action":"FILE_CLOSED","file":"/app/src/main/java/com/example/cartdemo/MainActivity.java","tags":{"FILE_LINE_OF_CODE":"130"}}
{"ts":1706324424790,"action":"FILE_OPENED","file":"/app/src/main/res/layout/item_cart.xml","tags":{"FILE_LINE_OF_CODE":"86"}}
{"ts":1706324447247,"action":"IDE_DEACTIVATED"}
{"ts":1706324454533,"action":"IDE_ACTIVATED"}
{"ts":1706324472043,"action":"IDE_DEACTIVATED"}
{"ts":1706324473280,"action":"IDE_ACTIVATED"}
{"ts":1706324475288,"action":"FILE_CLOSED","file":"/app/src/main/res/layout/item_cart.xml","tags":{"FILE_LINE_OF_CODE":"88"}}
{"ts":1706324475288,"action":"FILE_OPENED","file":"/app/src/main/java/com/example/cartdemo/CartAdapter.java","tags":{"FILE_LINE_OF_CODE":"123"}}
{"ts":1706324485054,"action":"FILE_CLOSED","file":"/app/src/main/java/com/example/cartdemo/CartAdapter.java","tags":{"FILE_LINE_OF_CODE":"123"}}
{"ts":1706324485054,"action":"FILE_OPENED","file":"/app/src/main/res/layout/item_cart.xml","tags":{"FILE_LINE_OF_CODE":"88"}}
{"ts":1706324488037,"action":"FILE_CLOSED","file":"/app/src/main/res/layout/item_cart.xml","tags":{"FILE_LINE_OF_CODE":"88"}}
{"ts":1706324488037,"action":"FILE_OPENED","file":"/app/src/main/java/com/example/cartdemo/CartAdapter.java","tags":{"FILE_LINE_OF_CODE":"123"}}
{"ts":1706324558475,"action":"IDE_DEACTIVATED"}
{"ts":1706324563179,"action":"IDE_ACTIVATED"}
{"ts":1706324564343,"action":"FILE_CLOSED","file":"/app/src/main/java/com/example/cartdemo/CartAdapter.java","tags":{"FILE_LINE_OF_CODE":"125"}}
{"ts":1706324564343,"action":"FILE_OPENED","file":"/app/src/main/res/layout/item_cart.xml","tags":{"FILE_LINE_OF_CODE":"88"}}
{"ts":1706324577063,"action":"FILE_CLOSED","file":"/app/src/main/res/layout/item_cart.xml","tags":{"FILE_LINE_OF_CODE":"82"}}
{"ts":1706324577063,"action":"FILE_OPENED","file":"/app/src/main/java/com/example/cartdemo/CartAdapter.java","tags":{"FILE_LINE_OF_CODE":"125"}}
{"ts":1706324598034,"action":"FILE_CLOSED","file":"/app/src/main/java/com/example/cartdemo/CartAdapter.java","tags":{"FILE_LINE_OF_CODE":"125"}}
{"ts":1706324598034,"action":"FILE_OPENED","file":"/app/src/main/java/com/example/cartdemo/MainActivity.java","tags":{"FILE_LINE_OF_CODE":"130"}}
{"ts":1706324602807,"action":"FILE_CLOSED","file":"/app/src/main/java/com/example/cartdemo/MainActivity.java","tags":{"FILE_LINE_OF_CODE":"130"}}
{"ts":1706324602807,"action":"FILE_OPENED","file":"/app/src/main/java/com/example/cartdemo/CartAdapter.java","tags":{"FILE_LINE_OF_CODE":"125"}}
{"ts":1706324616679,"action":"FILE_CLOSED","file":"/app/src/main/java/com/example/cartdemo/CartAdapter.java","tags":{"FILE_LINE_OF_CODE":"125"}}
{"ts":1706324616679,"action":"FILE_OPENED","file":"/app/src/main/java/com/example/cartdemo/MainActivity.java","tags":{"FILE_LINE_OF_CODE":"130"}}
{"ts":1706324627556,"action":"FILE_CLOSED","file":"/app/src/main/java/com/example/cartdemo/MainActivity.java","tags":{"FILE_LINE_OF_CODE":"130"}}
{"ts":1706324627556,"action":"FILE_OPENED","file":"/app/src/main/java/com/example/cartdemo/CartBean.java","tags":{"FILE_LINE_OF_CODE":"68"}}
{"ts":1706324628715,"action":"FILE_CLOSED","file":"/app/src/main/java/com/example/cartdemo/CartBean.java","tags":{"FILE_LINE_OF_CODE":"68"}}
{"ts":1706324628715,"action":"FILE_OPENED","file":"/app/src/main/java/com/example/cartdemo/MainActivity.java","tags":{"FILE_LINE_OF_CODE":"130"}}
{"ts":1706324630181,"action":"FILE_CLOSED","file":"/app/src/main/java/com/example/cartdemo/MainActivity.java","tags":{"FILE_LINE_OF_CODE":"130"}}
{"ts":1706324630181,"action":"FILE_OPENED","file":"/app/src/main/java/com/example/cartdemo/CartAdapter.java","tags":{"FILE_LINE_OF_CODE":"125"}}
{"ts":1706324636051,"action":"IDE_DEACTIVATED"}
{"ts":1706324637378,"action":"IDE_ACTIVATED"}
{"ts":1706324655191,"action":"IDE_DEACTIVATED"}
{"ts":1706324655283,"action":"IDE_ACTIVATED"}
{"ts":1706324663790,"action":"IDE_DEACTIVATED"}
{"ts":1706324672349,"action":"IDE_ACTIVATED"}
{"ts":1706324673462,"action":"FILE_CLOSED","file":"/app/src/main/java/com/example/cartdemo/CartAdapter.java","tags":{"FILE_LINE_OF_CODE":"125"}}
{"ts":1706324673462,"action":"FILE_OPENED","file":"/app/src/main/res/layout/item_cart.xml","tags":{"FILE_LINE_OF_CODE":"82"}}
{"ts":1706324716618,"action":"IDE_DEACTIVATED"}
{"ts":1706324722638,"action":"IDE_ACTIVATED"}
{"ts":1706324727915,"action":"IDE_DEACTIVATED"}
{"ts":1706324749618,"action":"IDE_ACTIVATED"}
{"ts":1706324843961,"action":"IDE_DEACTIVATED"}
{"ts":1706324850800,"action":"IDE_ACTIVATED"}
{"ts":1706324854256,"action":"FILE_CLOSED","file":"/app/src/main/res/layout/item_cart.xml","tags":{"FILE_LINE_OF_CODE":"83"}}
{"ts":1706324854256,"action":"FILE_OPENED","file":"/app/src/main/java/com/example/cartdemo/MainActivity.java","tags":{"FILE_LINE_OF_CODE":"130"}}
{"ts":1706324858388,"action":"IDE_DEACTIVATED"}
{"ts":1706324858911,"action":"IDE_ACTIVATED"}
{"ts":1706324893274,"action":"IDE_DEACTIVATED"}
{"ts":1706324893360,"action":"IDE_ACTIVATED"}
{"ts":1706324897263,"action":"FILE_CLOSED","file":"/app/src/main/java/com/example/cartdemo/MainActivity.java","tags":{"FILE_LINE_OF_CODE":"130"}}
{"ts":1706324897263,"action":"FILE_OPENED","file":"/app/src/main/java/com/example/cartdemo/CartAdapter.java","tags":{"FILE_LINE_OF_CODE":"125"}}
{"ts":1706324916238,"action":"IDE_DEACTIVATED"}
{"ts":1706324934595,"action":"IDE_ACTIVATED"}
{"ts":1706324939577,"action":"IDE_DEACTIVATED"}
{"ts":1706324960864,"action":"IDE_ACTIVATED"}
{"ts":1706324964217,"action":"FILE_CLOSED","file":"/app/src/main/java/com/example/cartdemo/CartAdapter.java","tags":{"FILE_LINE_OF_CODE":"125"}}
{"ts":1706324964217,"action":"FILE_OPENED","file":"/app/src/main/java/com/example/cartdemo/MainActivity.java","tags":{"FILE_LINE_OF_CODE":"130"}}
{"ts":1706325202809,"action":"FILE_OPENED","file":"/app/src/main/res/layout/activity_main.xml","tags":{"FILE_LINE_OF_CODE":"76"}}
{"ts":1706325202991,"action":"PROJECT_OPENED","tags":{"PROJECT_NAME":"CartDemo"}}
{"ts":1706325203220,"action":"FILE_CLOSED","file":"/app/src/main/res/layout/activity_main.xml","tags":{"FILE_LINE_OF_CODE":"76"}}
{"ts":1706325203220,"action":"FILE_OPENED","file":"/app/src/main/java/com/example/cartdemo/CartAdapter.java","tags":{"FILE_LINE_OF_CODE":"125"}}
{"ts":1706325208939,"action":"FILE_CLOSED","file":"/app/src/main/java/com/example/cartdemo/CartAdapter.java","tags":{"FILE_LINE_OF_CODE":"125"}}
{"ts":1706325208939,"action":"FILE_OPENED","file":"/app/src/main/java/com/example/cartdemo/MainActivity.java","tags":{"FILE_LINE_OF_CODE":"140"}}
{"ts":1706325215618,"action":"IDE_DEACTIVATED"}
{"ts":1706325374875,"action":"IDE_ACTIVATED"}
{"ts":1706325377653,"action":"FILE_CLOSED","file":"/app/src/main/java/com/example/cartdemo/MainActivity.java","tags":{"FILE_LINE_OF_CODE":"140"}}
{"ts":1706325377653,"action":"FILE_OPENED","file":"/app/src/main/java/com/example/cartdemo/CartBean.java","tags":{"FILE_LINE_OF_CODE":"68"}}
{"ts":1706325396168,"action":"FILE_CLOSED","file":"/app/src/main/java/com/example/cartdemo/CartBean.java","tags":{"FILE_LINE_OF_CODE":"58"}}
{"ts":1706325396168,"action":"FILE_OPENED","file":"/app/src/main/java/com/example/cartdemo/MainActivity.java","tags":{"FILE_LINE_OF_CODE":"140"}}
{"ts":1706325416511,"action":"IDE_DEACTIVATED"}
{"ts":1706325423509,"action":"IDE_ACTIVATED"}
{"ts":1706325424900,"action":"IDE_DEACTIVATED"}
{"ts":1706325425987,"action":"IDE_ACTIVATED"}
{"ts":1706325427367,"action":"IDE_DEACTIVATED"}
{"ts":1706325440798,"action":"IDE_ACTIVATED"}
{"ts":1706325441263,"action":"IDE_DEACTIVATED"}
{"ts":1706325441949,"action":"IDE_ACTIVATED"}
{"ts":1706325458339,"action":"IDE_DEACTIVATED"}
{"ts":1706325458936,"action":"IDE_ACTIVATED"}
{"ts":1706325461212,"action":"IDE_DEACTIVATED"}
{"ts":1706325484873,"action":"IDE_ACTIVATED"}
{"ts":1706325493386,"action":"IDE_DEACTIVATED"}
{"ts":1706325578148,"action":"IDE_ACTIVATED"}
{"ts":1706325587758,"action":"IDE_DEACTIVATED"}
{"ts":1706325589912,"action":"IDE_ACTIVATED"}
{"ts":1706325590919,"action":"FILE_CLOSED","file":"/app/src/main/java/com/example/cartdemo/MainActivity.java","tags":{"FILE_LINE_OF_CODE":"140"}}
{"ts":1706325590919,"action":"FILE_OPENED","file":"/app/src/main/res/layout/item_cart.xml","tags":{"FILE_LINE_OF_CODE":"83"}}
{"ts":1706325606168,"action":"IDE_DEACTIVATED"}
{"ts":1706325625421,"action":"IDE_ACTIVATED"}
{"ts":1706325625832,"action":"IDE_DEACTIVATED"}
{"ts":1706325691234,"action":"IDE_ACTIVATED"}
{"ts":1706325693250,"action":"IDE_DEACTIVATED"}
{"ts":1706325693341,"action":"IDE_ACTIVATED"}
{"ts":1706325698485,"action":"IDE_DEACTIVATED"}
{"ts":1706325702484,"action":"IDE_ACTIVATED"}
{"ts":1706325706826,"action":"FILE_CLOSED","file":"/app/src/main/res/layout/item_cart.xml","tags":{"FILE_LINE_OF_CODE":"84"}}
{"ts":1706325706826,"action":"FILE_OPENED","file":"/app/src/main/java/com/example/cartdemo/CartBean.java","tags":{"FILE_LINE_OF_CODE":"58"}}
{"ts":1706325711908,"action":"FILE_CLOSED","file":"/app/src/main/java/com/example/cartdemo/CartBean.java","tags":{"FILE_LINE_OF_CODE":"58"}}
{"ts":1706325711908,"action":"FILE_OPENED","file":"/app/src/main/java/com/example/cartdemo/CartAdapter.java","tags":{"FILE_LINE_OF_CODE":"125"}}
{"ts":1706325716608,"action":"FILE_CLOSED","file":"/app/src/main/java/com/example/cartdemo/CartAdapter.java","tags":{"FILE_LINE_OF_CODE":"125"}}
{"ts":1706325716609,"action":"FILE_OPENED","file":"/app/src/main/java/com/example/cartdemo/MainActivity.java","tags":{"FILE_LINE_OF_CODE":"140"}}
{"ts":1706325785524,"action":"IDE_DEACTIVATED"}
{"ts":1706325792175,"action":"IDE_ACTIVATED"}
{"ts":1706325818636,"action":"IDE_DEACTIVATED"}
{"ts":1706325834918,"action":"IDE_ACTIVATED"}
{"ts":1706325840300,"action":"IDE_DEACTIVATED"}
{"ts":1706325883093,"action":"IDE_ACTIVATED"}
{"ts":1706325883738,"action":"IDE_DEACTIVATED"}
{"ts":1706325886023,"action":"IDE_ACTIVATED"}
{"ts":1706325887019,"action":"IDE_DEACTIVATED"}
{"ts":1706325896288,"action":"IDE_ACTIVATED"}
{"ts":1706325972063,"action":"IDE_DEACTIVATED"}
{"ts":1706325988723,"action":"IDE_ACTIVATED"}
{"ts":1706325991191,"action":"IDE_DEACTIVATED"}
{"ts":1706325993141,"action":"IDE_ACTIVATED"}
{"ts":1706326008766,"action":"IDE_DEACTIVATED"}
{"ts":1706326011334,"action":"IDE_ACTIVATED"}
{"ts":1706326038859,"action":"IDE_DEACTIVATED"}
{"ts":1706326052273,"action":"IDE_ACTIVATED"}
{"ts":1706326066141,"action":"IDE_DEACTIVATED"}
{"ts":1706326068124,"action":"IDE_ACTIVATED"}
{"ts":1706326068378,"action":"IDE_DEACTIVATED"}
{"ts":1706326091990,"action":"IDE_ACTIVATED"}
{"ts":1706326098793,"action":"IDE_DEACTIVATED"}
{"ts":1706326162835,"action":"IDE_ACTIVATED"}
{"ts":1706326198294,"action":"IDE_DEACTIVATED"}
{"ts":1706326199539,"action":"IDE_ACTIVATED"}
{"ts":1706326200575,"action":"IDE_DEACTIVATED"}
{"ts":1706326201232,"action":"IDE_ACTIVATED"}
{"ts":1706326201979,"action":"IDE_DEACTIVATED"}
{"ts":1706326212959,"action":"IDE_ACTIVATED"}
{"ts":1706326234231,"action":"IDE_DEACTIVATED"}
{"ts":1706326234923,"action":"IDE_ACTIVATED"}
{"ts":1706326236263,"action":"IDE_DEACTIVATED"}
{"ts":1706326263138,"action":"IDE_ACTIVATED"}
{"ts":1706326267786,"action":"IDE_DEACTIVATED"}
{"ts":1706326269096,"action":"IDE_ACTIVATED"}
{"ts":1706326269763,"action":"IDE_DEACTIVATED"}
{"ts":1706326281464,"action":"IDE_ACTIVATED"}
{"ts":1706326282814,"action":"IDE_DEACTIVATED"}
{"ts":1706326283604,"action":"IDE_ACTIVATED"}
{"ts":1706326285166,"action":"IDE_DEACTIVATED"}
{"ts":1706326285272,"action":"IDE_ACTIVATED"}
{"ts":1706326286410,"action":"IDE_DEACTIVATED"}
{"ts":1706326287612,"action":"IDE_ACTIVATED"}
{"ts":1706326295995,"action":"IDE_DEACTIVATED"}
{"ts":1706326328149,"action":"IDE_ACTIVATED"}
{"ts":1706326335309,"action":"IDE_DEACTIVATED"}
{"ts":1706326345679,"action":"IDE_ACTIVATED"}
{"ts":1706326347837,"action":"IDE_DEACTIVATED"}
{"ts":1706326349400,"action":"IDE_ACTIVATED"}
{"ts":1706326349889,"action":"IDE_DEACTIVATED"}
{"ts":1706326414961,"action":"IDE_ACTIVATED"}
{"ts":1706326418185,"action":"IDE_DEACTIVATED"}
{"ts":1706326418251,"action":"IDE_ACTIVATED"}
{"ts":1706326443038,"action":"IDE_DEACTIVATED"}
{"ts":1706326443628,"action":"IDE_ACTIVATED"}
{"ts":1706326448423,"action":"IDE_DEACTIVATED"}
{"ts":1706326449684,"action":"IDE_ACTIVATED"}
{"ts":1706326450297,"action":"IDE_DEACTIVATED"}
{"ts":1706326451742,"action":"IDE_ACTIVATED"}
{"ts":1706326462902,"action":"IDE_DEACTIVATED"}
{"ts":1706326465062,"action":"IDE_ACTIVATED"}
{"ts":1706326492716,"action":"IDE_DEACTIVATED"}
{"ts":1706326494451,"action":"IDE_ACTIVATED"}
{"ts":1706326496846,"action":"IDE_DEACTIVATED"}
{"ts":1706326497633,"action":"IDE_ACTIVATED"}
{"ts":1706326510919,"action":"IDE_DEACTIVATED"}
{"ts":1706326559934,"action":"IDE_ACTIVATED"}
{"ts":1706326561350,"action":"IDE_DEACTIVATED"}
{"ts":1706326561453,"action":"IDE_ACTIVATED"}
{"ts":1706326562951,"action":"IDE_DEACTIVATED"}
{"ts":1706326599768,"action":"IDE_ACTIVATED"}
{"ts":1706326601630,"action":"IDE_DEACTIVATED"}
{"ts":1706326635604,"action":"IDE_ACTIVATED"}
{"ts":1706326638447,"action":"IDE_DEACTIVATED"}
{"ts":1706326649695,"action":"IDE_ACTIVATED"}
{"ts":1706326656951,"action":"FILE_CLOSED","file":"/app/src/main/java/com/example/cartdemo/MainActivity.java","tags":{"FILE_LINE_OF_CODE":"151"}}
{"ts":1706326656951,"action":"FILE_OPENED","file":"/app/src/main/java/com/example/cartdemo/CartBean.java","tags":{"FILE_LINE_OF_CODE":"58"}}
{"ts":1706326660368,"action":"FILE_CLOSED","file":"/app/src/main/java/com/example/cartdemo/CartBean.java","tags":{"FILE_LINE_OF_CODE":"58"}}
{"ts":1706326660368,"action":"FILE_OPENED","file":"/app/src/main/java/com/example/cartdemo/CartAdapter.java","tags":{"FILE_LINE_OF_CODE":"125"}}
{"ts":1706326709911,"action":"IDE_DEACTIVATED"}
{"ts":1706327050857,"action":"IDE_ACTIVATED"}
{"ts":1706327067183,"action":"FILE_CLOSED","file":"/app/src/main/java/com/example/cartdemo/CartAdapter.java","tags":{"FILE_LINE_OF_CODE":"125"}}
{"ts":1706327067183,"action":"FILE_OPENED","file":"/app/src/main/java/com/example/cartdemo/MainActivity.java","tags":{"FILE_LINE_OF_CODE":"151"}}
{"ts":1706327102286,"action":"FILE_CLOSED","file":"/app/src/main/java/com/example/cartdemo/MainActivity.java","tags":{"FILE_LINE_OF_CODE":"151"}}
{"ts":1706327102286,"action":"FILE_OPENED","file":"/app/src/main/res/layout/activity_main.xml","tags":{"FILE_LINE_OF_CODE":"76"}}
{"ts":1706327106824,"action":"IDE_DEACTIVATED"}
{"ts":1706327138720,"action":"IDE_ACTIVATED"}
{"ts":1706327141067,"action":"IDE_DEACTIVATED"}
{"ts":1706327146057,"action":"IDE_ACTIVATED"}
{"ts":1706327154052,"action":"IDE_DEACTIVATED"}
{"ts":1706327162262,"action":"IDE_ACTIVATED"}
{"ts":1706327170373,"action":"FILE_CLOSED","file":"/app/src/main/res/layout/activity_main.xml","tags":{"FILE_LINE_OF_CODE":"76"}}
{"ts":1706327170373,"action":"FILE_OPENED","file":"/app/src/main/res/layout/item_cart.xml","tags":{"FILE_LINE_OF_CODE":"84"}}
{"ts":1706327175025,"action":"IDE_DEACTIVATED"}
{"ts":1706327200286,"action":"IDE_ACTIVATED"}
{"ts":1706327203963,"action":"IDE_DEACTIVATED"}
{"ts":1706327204702,"action":"IDE_ACTIVATED"}
{"ts":1706327207487,"action":"FILE_CLOSED","file":"/app/src/main/res/layout/item_cart.xml","tags":{"FILE_LINE_OF_CODE":"84"}}
{"ts":1706327221657,"action":"FILE_OPENED","file":"/app/src/main/res/layout/activity_main.xml","tags":{"FILE_LINE_OF_CODE":"76"}}
{"ts":1706327240415,"action":"IDE_DEACTIVATED"}
{"ts":1706327269463,"action":"IDE_ACTIVATED"}
{"ts":1706327277139,"action":"FILE_CLOSED","file":"/app/src/main/res/layout/activity_main.xml","tags":{"FILE_LINE_OF_CODE":"69"}}
{"ts":1706327284137,"action":"IDE_DEACTIVATED"}
{"ts":1706327289383,"action":"IDE_ACTIVATED"}
{"ts":1706327292382,"action":"IDE_DEACTIVATED"}
{"ts":1706327302519,"action":"IDE_ACTIVATED"}
{"ts":1706327304196,"action":"FILE_OPENED","file":"/app/src/main/res/drawable/shape_cart_item_add_cut_border.xml","tags":{"FILE_LINE_OF_CODE":"11"}}
{"ts":1706327309924,"action":"IDE_DEACTIVATED"}
{"ts":1706327313856,"action":"IDE_ACTIVATED"}
{"ts":1706327323117,"action":"IDE_DEACTIVATED"}
{"ts":1706327334527,"action":"IDE_ACTIVATED"}
{"ts":1706327337456,"action":"FILE_CLOSED","file":"/app/src/main/res/drawable/shape_cart_item_add_cut_border.xml","tags":{"FILE_LINE_OF_CODE":"9"}}
{"ts":1706327337456,"action":"FILE_OPENED","file":"/app/src/main/res/drawable/shape_divider_1_v.xml","tags":{"FILE_LINE_OF_CODE":"13"}}
{"ts":1706327343182,"action":"IDE_DEACTIVATED"}
{"ts":1706327347688,"action":"IDE_ACTIVATED"}
{"ts":1706327353315,"action":"IDE_DEACTIVATED"}
{"ts":1706327358755,"action":"IDE_ACTIVATED"}
{"ts":1706327364954,"action":"FILE_CLOSED","file":"/app/src/main/res/drawable/shape_divider_1_v.xml","tags":{"FILE_LINE_OF_CODE":"10"}}
{"ts":1706327378121,"action":"IDE_DEACTIVATED"}
{"ts":1706327394633,"action":"IDE_ACTIVATED"}
{"ts":1706327395976,"action":"FILE_OPENED","file":"/app/src/main/res/layout/activity_main.xml","tags":{"FILE_LINE_OF_CODE":"69"}}
{"ts":1706327398146,"action":"FILE_CLOSED","file":"/app/src/main/res/layout/activity_main.xml","tags":{"FILE_LINE_OF_CODE":"69"}}
{"ts":1706327398146,"action":"FILE_OPENED","file":"/app/src/main/java/com/example/cartdemo/MainActivity.java","tags":{"FILE_LINE_OF_CODE":"151"}}
{"ts":1706327398819,"action":"FILE_CLOSED","file":"/app/src/main/java/com/example/cartdemo/MainActivity.java","tags":{"FILE_LINE_OF_CODE":"151"}}
{"ts":1706327398819,"action":"FILE_OPENED","file":"/app/src/main/java/com/example/cartdemo/CartAdapter.java","tags":{"FILE_LINE_OF_CODE":"125"}}
{"ts":1706327412374,"action":"FILE_CLOSED","file":"/app/src/main/java/com/example/cartdemo/CartAdapter.java","tags":{"FILE_LINE_OF_CODE":"125"}}
{"ts":1706327412374,"action":"FILE_OPENED","file":"/app/build.gradle","tags":{"FILE_LINE_OF_CODE":"41"}}
{"ts":1706327416069,"action":"IDE_DEACTIVATED"}
{"ts":1706327446776,"action":"IDE_ACTIVATED"}
{"ts":1706327451417,"action":"IDE_DEACTIVATED"}
{"ts":1706327457557,"action":"IDE_ACTIVATED"}
{"ts":1706327460157,"action":"IDE_DEACTIVATED"}
{"ts":1706327463596,"action":"IDE_ACTIVATED"}
{"ts":1706327464792,"action":"IDE_DEACTIVATED"}
{"ts":1706327491333,"action":"IDE_ACTIVATED"}
{"ts":1706327492601,"action":"FILE_CLOSED","file":"/app/build.gradle","tags":{"FILE_LINE_OF_CODE":"41"}}
{"ts":1706327492601,"action":"FILE_OPENED","file":"/app/src/main/AndroidManifest.xml","tags":{"FILE_LINE_OF_CODE":"30"}}
{"ts":1706327495345,"action":"IDE_DEACTIVATED"}
{"ts":1706327501061,"action":"IDE_ACTIVATED"}
{"ts":1706327503764,"action":"IDE_DEACTIVATED"}
{"ts":1706327508991,"action":"IDE_ACTIVATED"}
{"ts":1706327509205,"action":"IDE_DEACTIVATED"}
{"ts":1706327523054,"action":"IDE_ACTIVATED"}
{"ts":1706327525243,"action":"FILE_CLOSED","file":"/app/src/main/AndroidManifest.xml","tags":{"FILE_LINE_OF_CODE":"30"}}
{"ts":1706327525243,"action":"FILE_OPENED","file":"/app/src/main/java/com/example/cartdemo/CartAdapter.java","tags":{"FILE_LINE_OF_CODE":"125"}}
{"ts":1706327532581,"action":"IDE_DEACTIVATED"}
{"ts":1706327553227,"action":"IDE_ACTIVATED"}
{"ts":1706327554553,"action":"FILE_CLOSED","file":"/app/src/main/java/com/example/cartdemo/CartAdapter.java","tags":{"FILE_LINE_OF_CODE":"125"}}
{"ts":1706327554553,"action":"FILE_OPENED","file":"/app/src/main/java/com/example/cartdemo/CartBean.java","tags":{"FILE_LINE_OF_CODE":"58"}}
{"ts":1706327565787,"action":"IDE_DEACTIVATED"}
{"ts":1706327595958,"action":"IDE_ACTIVATED"}
{"ts":1706327599372,"action":"FILE_CLOSED","file":"/app/src/main/java/com/example/cartdemo/CartBean.java","tags":{"FILE_LINE_OF_CODE":"69"}}
{"ts":1706327599372,"action":"FILE_OPENED","file":"/app/src/main/java/com/example/cartdemo/CartAdapter.java","tags":{"FILE_LINE_OF_CODE":"125"}}
{"ts":1706327608544,"action":"IDE_DEACTIVATED"}
{"ts":1706327758836,"action":"IDE_ACTIVATED"}
{"ts":1706327770158,"action":"IDE_DEACTIVATED"}
{"ts":1706327855441,"action":"IDE_ACTIVATED"}
{"ts":1706327899539,"action":"IDE_DEACTIVATED"}
{"ts":1706327950094,"action":"IDE_ACTIVATED"}
{"ts":1706327951627,"action":"IDE_DEACTIVATED"}
{"ts":1706327952337,"action":"IDE_ACTIVATED"}
{"ts":1706327952826,"action":"IDE_DEACTIVATED"}
{"ts":1706327953625,"action":"IDE_ACTIVATED"}
{"ts":1706327953893,"action":"IDE_DEACTIVATED"}
{"ts":1706327955033,"action":"IDE_ACTIVATED"}
{"ts":1706330069879,"action":"IDE_DEACTIVATED"}
{"ts":1706331527360,"action":"IDE_ACTIVATED"}
{"ts":1706331540341,"action":"IDE_DEACTIVATED"}
{"ts":1706331622454,"action":"IDE_ACTIVATED"}
{"ts":1706331623340,"action":"IDE_DEACTIVATED"}
{"ts":1706331627322,"action":"IDE_ACTIVATED"}
{"ts":1706331654982,"action":"IDE_DEACTIVATED"}
{"ts":1706331668173,"action":"IDE_ACTIVATED"}
{"ts":1706331726222,"action":"IDE_DEACTIVATED"}
{"ts":1706331733208,"action":"IDE_ACTIVATED"}
{"ts":1706331739443,"action":"IDE_DEACTIVATED"}
{"ts":1706331741994,"action":"IDE_ACTIVATED"}
{"ts":1706331797134,"action":"IDE_DEACTIVATED"}
{"ts":1706331859381,"action":"IDE_ACTIVATED"}
{"ts":1706331882680,"action":"IDE_DEACTIVATED"}
{"ts":1706332027366,"action":"IDE_ACTIVATED"}
{"ts":1706332037338,"action":"IDE_DEACTIVATED"}
{"ts":1706332123862,"action":"IDE_ACTIVATED"}
{"ts":1706333026997,"action":"IDE_DEACTIVATED"}
{"ts":1706333703931,"action":"IDE_ACTIVATED"}
{"ts":1706333710486,"action":"IDE_DEACTIVATED"}
{"ts":1706333721931,"action":"IDE_ACTIVATED"}
{"ts":1706333732256,"action":"IDE_DEACTIVATED"}
{"ts":1706333734050,"action":"IDE_ACTIVATED"}
{"ts":1706333735501,"action":"IDE_DEACTIVATED"}
{"ts":1706333741017,"action":"IDE_ACTIVATED"}
{"ts":1706333756184,"action":"IDE_DEACTIVATED"}
{"ts":1706333862614,"action":"IDE_ACTIVATED"}
{"ts":1706333865175,"action":"IDE_DEACTIVATED"}
{"ts":1706333876998,"action":"IDE_ACTIVATED"}
{"ts":1706333925147,"action":"IDE_DEACTIVATED"}
{"ts":1706333986981,"action":"IDE_ACTIVATED"}
{"ts":1706333993618,"action":"IDE_DEACTIVATED"}
